TRÙNG TÊN VÀ ĐỜI: 'Lê Thị Cam' - Đời 4 - Có 2 người: [27, 311] - FM_ID: FM_ID215
TRÙNG TÊN VÀ ĐỜI: 'Lê Thị Cam' - Đời 4 - Có 2 người: [27, 311] - FM_ID: FM_ID215
TRÙNG TÊN VÀ ĐỜI: 'Lê Thị Cam' - Đời 4 - Có 2 người: [27, 311] - FM_ID: FM_ID215
TRÙNG TÊN VÀ ĐỜI: 'Ưng Dương' - Đời 4 - Có 2 người: [22, 43] - FM_ID: FM_ID211
TRÙNG TÊN VÀ ĐỜI: 'Vĩnh Thái' - Đời 6 - Có 2 người: [193, 509] - FM_ID: FM_ID254
TRÙNG TÊN VÀ ĐỜI: 'Vĩnh Thái' - Đời 6 - Có 2 người: [193, 509] - FM_ID: FM_ID254
TRÙNG TÊN VÀ ĐỜI: 'Vĩnh Hùng' - Đời 6 - Có 2 người: [195, 203] - FM_ID: FM_ID235
TRÙNG TÊN VÀ ĐỜI: 'Vĩnh Hùng' - Đời 6 - Có 2 người: [195, 203] - FM_ID: FM_ID235
TRÙNG TÊN VÀ ĐỜI: 'Vĩnh Hùng' - Đời 6 - Có 2 người: [195, 203] - FM_ID: FM_ID235
TRÙNG TÊN VÀ ĐỜI: 'Vĩnh Hùng' - Đời 6 - Có 2 người: [195, 203] - FM_ID: FM_ID235
TRÙNG TÊN VÀ ĐỜI: 'Vĩnh Trí' - Đời 6 - Có 2 người: [206, 507] - FM_ID: FM_ID263
TRÙNG TÊN VÀ ĐỜI: 'CHTN Diệu Vân' - Đời 6 - Có 2 người: [210, 296] - FM_ID: FM_ID110
TRÙNG TÊN VÀ ĐỜI: 'CHTN Diệu Vân' - Đời 6 - Có 2 người: [210, 296] - FM_ID: FM_ID110
TRÙNG TÊN VÀ ĐỜI: 'CHTN Diệu Vân' - Đời 6 - Có 2 người: [210, 296] - FM_ID: FM_ID110
TRÙNG TÊN VÀ ĐỜI: 'CHTN Diệu Vân' - Đời 6 - Có 2 người: [210, 296] - FM_ID: FM_ID110
TRÙNG TÊN VÀ ĐỜI: 'CHTN Diệu Vân' - Đời 6 - Có 2 người: [210, 296] - FM_ID: FM_ID110
TRÙNG TÊN VÀ ĐỜI: 'Vĩnh Đức' - Đời 6 - Có 2 người: [218, 369] - FM_ID: FM_ID230
TRÙNG TÊN VÀ ĐỜI: 'Vĩnh Đức' - Đời 6 - Có 2 người: [218, 369] - FM_ID: FM_ID230
TRÙNG TÊN VÀ ĐỜI: 'Vĩnh Đức' - Đời 6 - Có 2 người: [218, 369] - FM_ID: FM_ID230
TRÙNG TÊN VÀ ĐỜI: 'Vĩnh Hòa' - Đời 6 - Có 2 người: [229, 288] - FM_ID: FM_ID232
TRÙNG TÊN VÀ ĐỜI: 'Vĩnh Phát' - Đời 6 - Có 2 người: [189, 248] - FM_ID: FM_ID244
TRÙNG TÊN VÀ ĐỜI: 'Vĩnh Phát' - Đời 6 - Có 2 người: [189, 248] - FM_ID: FM_ID244
TRÙNG TÊN VÀ ĐỜI: 'Vĩnh Hòa' - Đời 6 - Có 2 người: [229, 288] - FM_ID: FM_ID233
TRÙNG TÊN VÀ ĐỜI: 'Vĩnh Hòa' - Đời 6 - Có 2 người: [229, 288] - FM_ID: FM_ID233
TRÙNG TÊN VÀ ĐỜI: 'Vĩnh Hòa' - Đời 6 - Có 2 người: [229, 288] - FM_ID: FM_ID233
TRÙNG TÊN VÀ ĐỜI: 'CHTN Diệu Vân' - Đời 6 - Có 2 người: [210, 296] - FM_ID: FM_ID117
TRÙNG TÊN VÀ ĐỜI: 'CHTN Diệu Vân' - Đời 6 - Có 2 người: [210, 296] - FM_ID: FM_ID117
TRÙNG TÊN VÀ ĐỜI: 'CHTN Diệu Vân' - Đời 6 - Có 2 người: [210, 296] - FM_ID: FM_ID117
KHÔNG TÌM THẤY ĐỜI ĐÚNG: 'Nguyễn Thị Lài' - Mong đợi Đời 6 - Có 2 người nhưng không ai có Đời đúng: [169, 309] - FM_ID: FM_ID172
KHÔNG TÌM THẤY ĐỜI ĐÚNG: 'Nguyễn Thị Lài' - Mong đợi Đời 6 - Có 2 người nhưng không ai có Đời đúng: [169, 309] - FM_ID: FM_ID172
KHÔNG TÌM THẤY ĐỜI ĐÚNG: 'Lê Thị Cam' - Mong đợi Đời 6 - Có 2 người nhưng không ai có Đời đúng: [27, 311] - FM_ID: FM_ID170
KHÔNG TÌM THẤY ĐỜI ĐÚNG: 'Lê Thị Cam' - Mong đợi Đời 6 - Có 2 người nhưng không ai có Đời đúng: [27, 311] - FM_ID: FM_ID170
TRÙNG TÊN VÀ ĐỜI: 'Vĩnh Đức' - Đời 6 - Có 2 người: [218, 369] - FM_ID: FM_ID228
TRÙNG TÊN VÀ ĐỜI: 'Vĩnh Đức' - Đời 6 - Có 2 người: [218, 369] - FM_ID: FM_ID229
TRÙNG TÊN VÀ ĐỜI: 'Vĩnh Thành' - Đời 6 - Có 3 người: [371, 420, 563] - FM_ID: FM_ID258
TRÙNG TÊN VÀ ĐỜI: 'Vĩnh Tấn' - Đời 6 - Có 2 người: [375, 417] - FM_ID: FM_ID252
TRÙNG TÊN VÀ ĐỜI: 'Vĩnh Tấn' - Đời 6 - Có 2 người: [375, 417] - FM_ID: FM_ID252
TRÙNG TÊN VÀ ĐỜI: 'Vĩnh Bình' - Đời 6 - Có 2 người: [389, 586] - FM_ID: FM_ID225
TRÙNG TÊN VÀ ĐỜI: 'Vĩnh Bình' - Đời 6 - Có 2 người: [389, 586] - FM_ID: FM_ID225
TRÙNG TÊN VÀ ĐỜI: 'Nguyễn Văn Hùng' - Đời 6 - Có 2 người: [404, 707] - FM_ID: FM_ID151
TRÙNG TÊN VÀ ĐỜI: 'Nguyễn Văn Hùng' - Đời 6 - Có 2 người: [404, 707] - FM_ID: FM_ID151
TRÙNG TÊN VÀ ĐỜI: 'Nguyễn Văn Hùng' - Đời 6 - Có 2 người: [404, 707] - FM_ID: FM_ID151
TRÙNG TÊN VÀ ĐỜI: 'Nguyễn Văn Hùng' - Đời 6 - Có 2 người: [404, 707] - FM_ID: FM_ID151
TRÙNG TÊN VÀ ĐỜI: 'Vĩnh Thành' - Đời 6 - Có 3 người: [371, 420, 563] - FM_ID: FM_ID256
TRÙNG TÊN VÀ ĐỜI: 'Vĩnh Thái' - Đời 6 - Có 2 người: [193, 509] - FM_ID: FM_ID253
TRÙNG TÊN VÀ ĐỜI: 'Nguyễn Thị Lành' - Đời 6 - Có 2 người: [558, 591] - FM_ID: FM_ID227
TRÙNG TÊN VÀ ĐỜI: 'Nguyễn Thị Lành' - Đời 6 - Có 2 người: [558, 591] - FM_ID: FM_ID227
TRÙNG TÊN VÀ ĐỜI: 'Vĩnh Thành' - Đời 6 - Có 3 người: [371, 420, 563] - FM_ID: FM_ID257
TRÙNG TÊN VÀ ĐỜI: 'Vĩnh Thành' - Đời 6 - Có 3 người: [371, 420, 563] - FM_ID: FM_ID257
TRÙNG TÊN VÀ ĐỜI: 'Vĩnh Thành' - Đời 6 - Có 3 người: [371, 420, 563] - FM_ID: FM_ID257
TRÙNG TÊN VÀ ĐỜI: 'Vĩnh Thành' - Đời 6 - Có 3 người: [371, 420, 563] - FM_ID: FM_ID257
TRÙNG TÊN VÀ ĐỜI: 'Vĩnh Bình' - Đời 6 - Có 2 người: [389, 586] - FM_ID: FM_ID226
TRÙNG TÊN VÀ ĐỜI: 'Vĩnh Bình' - Đời 6 - Có 2 người: [389, 586] - FM_ID: FM_ID226
TRÙNG TÊN VÀ ĐỜI: 'Nguyễn Thị Lành' - Đời 6 - Có 2 người: [558, 591] - FM_ID: FM_ID112
TRÙNG TÊN VÀ ĐỜI: 'Nguyễn Thị Lành' - Đời 6 - Có 2 người: [558, 591] - FM_ID: FM_ID112
TRÙNG TÊN VÀ ĐỜI: 'Bảo Hưng' - Đời 7 - Có 3 người: [657, 745, 1041] - FM_ID: FM_ID22
TRÙNG TÊN VÀ ĐỜI: 'Bảo Hưng' - Đời 7 - Có 3 người: [657, 745, 1041] - FM_ID: FM_ID22
TRÙNG TÊN VÀ ĐỜI: 'Bảo Hưng' - Đời 7 - Có 3 người: [657, 745, 1041] - FM_ID: FM_ID22
TRÙNG TÊN VÀ ĐỜI: 'Bảo Hưng' - Đời 7 - Có 3 người: [657, 745, 1041] - FM_ID: FM_ID22
